<?xml version="1.0" encoding="utf-8" standalone="no"?>
<test-run id="2" testcasecount="6" result="Passed" total="6" passed="0" failed="0" inconclusive="0" skipped="0" asserts="0" engine-version="3.7.0.0" clr-version="4.0.30319.42000" start-time="2017-07-20 18:45:06Z" end-time="2017-07-20 18:45:14Z" duration="7.938053">
  <command-line><![CDATA["C:\Users\jamhunter\Downloads\Innovation\Automated Testing\nunit-console\nunit3-console.exe"  "C:\Users\jamhunter\Documents\Visual Studio 2015\Projects\NUnitExample\NUnitExample\NUnitExample.csproj"]]></command-line>
  <test-suite type="Assembly" id="1-1007" name="C:\Users\jamhunter\Documents\Visual Studio 2015\Projects\NUnitExample\NUnitExample\bin\Debug\NUnitExample.exe" fullname="C:\Users\jamhunter\Documents\Visual Studio 2015\Projects\NUnitExample\NUnitExample\bin\Debug\NUnitExample.exe" runstate="Runnable" testcasecount="6" result="Passed" duration="1.391787" total="6" passed="0" failed="0" inconclusive="0" skipped="0" asserts="0">
    <properties>
      <property name="_PID" value="13256" />
      <property name="_APPDOMAIN" value="domain-a7ba0aed-NUnitExample.csproj" />
    </properties>
    <test-suite type="Namespace" id="1-1008" name="NUnitExample" fullname="NUnitExample" runstate="Runnable" testcasecount="6" result="Passed" duration="1.379111" total="6" passed="0" failed="0" inconclusive="0" skipped="0" asserts="0">
      <test-suite type="TestFixture" id="1-1000" name="AccountTest" fullname="NUnitExample.AccountTest" classname="NUnitExample.AccountTest" runstate="Runnable" testcasecount="6" result="Passed" duration="1.373130" total="6" passed="0" failed="0" inconclusive="0" skipped="0" asserts="0">
        <test-case id="1-1002" name="DepoisitNegativeFunds" fullname="NUnitExample.AccountTest.DepoisitNegativeFunds" methodname="DepoisitNegativeFunds" classname="NUnitExample.AccountTest" runstate="Runnable" result="Passed" duration="0.275424" asserts="3" />
        <test-case id="1-1004" name="DepositAdditionalFunds" fullname="NUnitExample.AccountTest.DepositAdditionalFunds" methodname="DepositAdditionalFunds" classname="NUnitExample.AccountTest" runstate="Runnable" result="Passed" duration="0.000713" asserts="2" />
        <test-case id="1-1003" name="DepositZeroDollarFunds" fullname="NUnitExample.AccountTest.DepositZeroDollarFunds" methodname="DepositZeroDollarFunds" classname="NUnitExample.AccountTest" runstate="Runnable" result="Passed" duration="0.000535" asserts="2" />
        <test-case id="1-1001" name="TransferFunds" fullname="NUnitExample.AccountTest.TransferFunds" methodname="TransferFunds" classname="NUnitExample.AccountTest" runstate="Runnable" result="Passed" duration="0.013576" asserts="2" />
        <test-case id="1-1005" name="TransferWithInsufficientFunds" fullname="NUnitExample.AccountTest.TransferWithInsufficientFunds" methodname="TransferWithInsufficientFunds" classname="NUnitExample.AccountTest" runstate="Runnable" result="Passed" duration="0.001574" asserts="1" />
        <test-case id="1-1006" name="TransferWithInsufficientFundsAtomicity" fullname="NUnitExample.AccountTest.TransferWithInsufficientFundsAtomicity" methodname="TransferWithInsufficientFundsAtomicity" classname="NUnitExample.AccountTest" runstate="Ignored" result="Skipped" label="Ignored" duration="0.000555" asserts="0">
          <properties>
            <property name="_IGNOREREASON" value="Validate that this test meets requirements" />
          </properties>
          <reason>
            <message><![CDATA[Validate that this test meets requirements]]></message>
          </reason>
        </test-case>
      </test-suite>
    </test-suite>
  </test-suite>
</test-run>